rows 50 cols 75 nonzeros 5 sigma 1
lambda, precision, recall, SSD RSS
w [ 0.48995904 -0.79596887  0.8401387  -0.70896158  1.96599236  0.          0.
  0.          0.          0.          0.          0.          0.          0.
  0.          0.          0.          0.          0.          0.          0.
  0.          0.          0.          0.          0.          0.          0.
  0.          0.          0.          0.          0.          0.          0.
  0.          0.          0.          0.          0.          0.          0.
  0.          0.          0.          0.          0.          0.          0.
  0.          0.          0.          0.          0.          0.          0.
  0.          0.          0.          0.          0.          0.          0.
  0.          0.          0.          0.          0.          0.          0.
  0.          0.          0.          0.          0.        ]
634.834305293 , 1.0 , 1.0 , 409.92680076 , 14202.7528069
w [ 2.34920719 -2.64740009  2.68008484 -2.49916072  3.5404237   0.          0.
  0.          0.          0.          0.          0.          0.          0.
  0.          0.          0.          0.          0.          0.          0.
  0.          0.          0.          0.          0.          0.          0.
  0.          0.          0.          0.          0.          0.          0.
  0.          0.          0.          0.          0.          0.          0.
  0.          0.          0.          0.          0.          0.          0.
  0.          0.          0.          0.          0.          0.          0.
  0.          0.          0.          0.          0.          0.          0.
  0.          0.          0.          0.          0.          0.          0.
  0.          0.          0.          0.          0.        ]
507.867444235 , 1.0 , 1.0 , 264.165230143 , 9109.01410944
w [ 3.83660497 -4.12854317  4.15203455 -3.93131924  4.79996864  0.          0.
  0.          0.          0.          0.          0.          0.          0.
  0.          0.          0.          0.          0.          0.          0.
  0.          0.          0.          0.          0.          0.          0.
  0.          0.          0.          0.          0.          0.          0.
  0.          0.          0.          0.          0.          0.          0.
  0.          0.          0.          0.          0.          0.          0.
  0.          0.          0.          0.          0.          0.          0.
  0.          0.          0.          0.          0.          0.          0.
  0.          0.          0.          0.          0.          0.          0.
  0.          0.          0.          0.          0.        ]
406.293955388 , 1.0 , 1.0 , 170.529355815 , 5849.02679091
w [ 5.0265232  -5.31345763  5.32959431 -5.07704606  5.8076046   0.          0.
  0.          0.          0.          0.          0.          0.          0.
  0.          0.          0.          0.          0.          0.          0.
  0.          0.          0.          0.          0.          0.          0.
  0.          0.          0.          0.          0.          0.          0.
  0.          0.          0.          0.          0.          0.          0.
  0.          0.          0.          0.          0.          0.          0.
  0.          0.          0.          0.          0.          0.          0.
  0.          0.          0.          0.          0.          0.          0.
  0.          0.          0.          0.          0.          0.          0.
  0.          0.          0.          0.          0.        ]
325.03516431 , 1.0 , 1.0 , 110.323494775 , 3762.63490704
w [ 5.97845779 -6.2613892   6.27164213 -5.99362752  6.61371336  0.          0.
  0.          0.          0.          0.          0.          0.          0.
  0.          0.          0.          0.          0.          0.          0.
  0.          0.          0.          0.          0.          0.          0.
  0.          0.          0.          0.          0.          0.          0.
  0.          0.          0.          0.          0.          0.          0.
  0.          0.          0.          0.          0.          0.          0.
  0.          0.          0.          0.          0.          0.          0.
  0.          0.          0.          0.          0.          0.          0.
  0.          0.          0.          0.          0.          0.          0.
  0.          0.          0.          0.          0.        ]
260.028131448 , 1.0 , 1.0 , 71.5686225344 , 2427.34410137
w [ 6.74000926 -7.01975531  7.02536406 -6.72690276  7.25860075  0.          0.
  0.          0.          0.          0.          0.          0.          0.
  0.          0.          0.          0.          0.          0.          0.
  0.          0.          0.          0.          0.          0.          0.
  0.          0.          0.          0.          0.          0.          0.
  0.          0.          0.          0.          0.          0.          0.
  0.          0.          0.          0.          0.          0.          0.
  0.          0.          0.          0.          0.          0.          0.
  0.          0.          0.          0.          0.          0.          0.
  0.          0.          0.          0.          0.          0.          0.
  0.          0.          0.          0.          0.        ]
208.022505159 , 1.0 , 1.0 , 46.5862924095 , 1572.73327572
w [ 7.34924663 -7.62642734  7.62825792 -7.31351288  7.77451028  0.          0.
  0.          0.          0.          0.          0.          0.          0.
  0.          0.          0.          0.          0.          0.          0.
  0.          0.          0.          0.          0.          0.          0.
  0.          0.          0.          0.          0.          0.          0.
  0.          0.          0.          0.          0.          0.          0.
  0.          0.          0.          0.          0.          0.          0.
  0.          0.          0.          0.          0.          0.          0.
  0.          0.          0.          0.          0.          0.          0.
  0.          0.          0.          0.          0.          0.          0.
  0.          0.          0.          0.          0.        ]
166.418004127 , 1.0 , 1.0 , 30.4555185891 , 1025.80705791
w [  7.83663382e+00  -8.11177143e+00   8.11056826e+00  -7.78277908e+00
   8.18722593e+00   0.00000000e+00   0.00000000e+00   0.00000000e+00
   0.00000000e+00   0.00000000e+00   0.00000000e+00   0.00000000e+00
   0.00000000e+00   0.00000000e+00   0.00000000e+00   0.00000000e+00
   0.00000000e+00   0.00000000e+00   0.00000000e+00   0.00000000e+00
   0.00000000e+00   0.00000000e+00   0.00000000e+00   0.00000000e+00
   0.00000000e+00   0.00000000e+00   0.00000000e+00   0.00000000e+00
   0.00000000e+00   0.00000000e+00   0.00000000e+00   0.00000000e+00
   0.00000000e+00   1.84698957e-04   0.00000000e+00   0.00000000e+00
   0.00000000e+00   0.00000000e+00   0.00000000e+00   0.00000000e+00
   0.00000000e+00   0.00000000e+00   0.00000000e+00   0.00000000e+00
   0.00000000e+00   0.00000000e+00   0.00000000e+00   0.00000000e+00
   0.00000000e+00   0.00000000e+00   0.00000000e+00   0.00000000e+00
   0.00000000e+00   0.00000000e+00   0.00000000e+00   0.00000000e+00
   0.00000000e+00   0.00000000e+00   0.00000000e+00   0.00000000e+00
   0.00000000e+00   0.00000000e+00   0.00000000e+00   0.00000000e+00
   0.00000000e+00   0.00000000e+00   0.00000000e+00   0.00000000e+00
   0.00000000e+00   0.00000000e+00   0.00000000e+00   0.00000000e+00
   0.00000000e+00   0.00000000e+00   0.00000000e+00]
133.134403301 , 0.833333333333 , 1.0 , 20.017731102 , 675.754329319
w [ 8.21747894 -8.50721747  8.48723805 -8.12504613  8.4980891   0.          0.
  0.          0.          0.          0.          0.          0.          0.
  0.          0.          0.          0.          0.          0.          0.
  0.          0.          0.          0.          0.          0.          0.
  0.          0.          0.          0.          0.          0.08518021
  0.          0.          0.          0.          0.          0.          0.
  0.          0.          0.          0.          0.          0.          0.
  0.          0.          0.          0.          0.          0.          0.
  0.          0.          0.          0.          0.          0.          0.
  0.          0.          0.          0.          0.          0.          0.
  0.          0.          0.          0.          0.          0.        ]
106.507522641 , 0.833333333333 , 1.0 , 13.4726737733 , 449.169393289
w [ 8.52204866 -8.8235523   8.7885756  -8.39881098  8.74671469  0.          0.
  0.          0.          0.          0.          0.          0.          0.
  0.          0.          0.          0.          0.          0.          0.
  0.          0.          0.          0.          0.          0.          0.
  0.          0.          0.          0.          0.          0.15321391
  0.          0.          0.          0.          0.          0.          0.
  0.          0.          0.          0.          0.          0.          0.
  0.          0.          0.          0.          0.          0.          0.
  0.          0.          0.          0.          0.          0.          0.
  0.          0.          0.          0.          0.          0.          0.
  0.          0.          0.          0.          0.          0.        ]
85.2060181129 , 0.833333333333 , 1.0 , 9.19392328721 , 304.176665335
w [ 8.76570442 -9.07662017  9.02964564 -8.61782284  8.94561515  0.          0.
  0.          0.          0.          0.          0.          0.          0.
  0.          0.          0.          0.          0.          0.          0.
  0.          0.          0.          0.          0.          0.          0.
  0.          0.          0.          0.          0.          0.20764087
  0.          0.          0.          0.          0.          0.          0.
  0.          0.          0.          0.          0.          0.          0.
  0.          0.          0.          0.          0.          0.          0.
  0.          0.          0.          0.          0.          0.          0.
  0.          0.          0.          0.          0.          0.          0.
  0.          0.          0.          0.          0.          0.        ]
68.1648144904 , 0.833333333333 , 1.0 , 6.3829593167 , 211.381322477
w [ 8.96062903 -9.27907446  9.22250168 -8.79303233  9.10473551  0.          0.
  0.          0.          0.          0.          0.          0.          0.
  0.          0.          0.          0.          0.          0.          0.
  0.          0.          0.          0.          0.          0.          0.
  0.          0.          0.          0.          0.          0.25118244
  0.          0.          0.          0.          0.          0.          0.
  0.          0.          0.          0.          0.          0.          0.
  0.          0.          0.          0.          0.          0.          0.
  0.          0.          0.          0.          0.          0.          0.
  0.          0.          0.          0.          0.          0.          0.
  0.          0.          0.          0.          0.          0.        ]
54.5318515923 , 0.833333333333 , 1.0 , 4.5258913577 , 151.992303048
w [ 9.11469253 -9.4343353   9.37800248 -8.93348853  9.23202278  0.          0.
  0.          0.          0.          0.          0.          0.          0.
  0.          0.          0.          0.          0.          0.          0.
  0.          0.          0.          0.          0.          0.          0.
  0.          0.          0.          0.          0.          0.28172733
  0.          0.          0.          0.          0.          0.          0.
  0.          0.          0.          0.          0.          0.          0.
  0.          0.          0.          0.          0.          0.          0.
  0.          0.          0.0234179   0.          0.          0.          0.
  0.          0.          0.          0.          0.          0.          0.
  0.          0.          0.          0.          0.          0.        ]
43.6254812738 , 0.714285714286 , 1.0 , 3.29778118785 , 113.438596478
w [ 9.23475625 -9.53293061  9.5071461  -9.04878706  9.32008478  0.          0.
  0.          0.          0.          0.          0.          0.          0.
  0.          0.          0.          0.          0.          0.          0.
  0.          0.          0.          0.          0.          0.          0.
  0.          0.          0.          0.          0.          0.30214116
  0.          0.          0.          0.          0.          0.          0.
  0.          0.          0.04712034  0.          0.          0.          0.
  0.          0.          0.          0.          0.          0.          0.
  0.         -0.03067414  0.0827445   0.          0.          0.          0.
  0.          0.          0.          0.          0.          0.          0.
  0.          0.          0.          0.          0.          0.        ]
34.9003850191 , 0.555555555556 , 1.0 , 2.5150446992 , 85.7067163655
w [ 9.33203259 -9.60857106  9.60966552 -9.14138627  9.3812665   0.          0.
  0.          0.          0.          0.          0.          0.          0.
  0.          0.          0.          0.          0.          0.          0.
  0.          0.          0.          0.          0.          0.          0.
  0.          0.          0.          0.          0.          0.31335855
  0.          0.          0.          0.          0.          0.
 -0.03421869  0.          0.          0.10626909  0.          0.          0.
  0.          0.          0.          0.          0.          0.          0.
  0.          0.         -0.06772078  0.12413358  0.          0.          0.
  0.          0.          0.          0.          0.          0.          0.
  0.          0.          0.          0.          0.          0.          0.        ]
27.9203080152 , 0.5 , 1.0 , 2.00245963272 , 66.4878935092
w [  9.40798738e+00  -9.66449483e+00   9.68055381e+00  -9.20949700e+00
   9.42665742e+00   0.00000000e+00   0.00000000e+00   0.00000000e+00
   0.00000000e+00   0.00000000e+00   0.00000000e+00   0.00000000e+00
   0.00000000e+00   0.00000000e+00   0.00000000e+00   0.00000000e+00
  -4.08193789e-02   0.00000000e+00   0.00000000e+00   0.00000000e+00
   0.00000000e+00   0.00000000e+00   0.00000000e+00  -1.70477429e-02
   0.00000000e+00   0.00000000e+00   0.00000000e+00   0.00000000e+00
   0.00000000e+00   0.00000000e+00   0.00000000e+00   0.00000000e+00
   0.00000000e+00   3.24457889e-01   0.00000000e+00   0.00000000e+00
   0.00000000e+00   0.00000000e+00   0.00000000e+00  -2.09021188e-03
  -6.86267987e-02   0.00000000e+00   0.00000000e+00   1.51168479e-01
   0.00000000e+00   0.00000000e+00   0.00000000e+00   0.00000000e+00
   0.00000000e+00   0.00000000e+00   0.00000000e+00  -3.56509345e-03
   0.00000000e+00   0.00000000e+00   0.00000000e+00   0.00000000e+00
  -9.87003600e-02   1.54019909e-01   0.00000000e+00   0.00000000e+00
   0.00000000e+00   0.00000000e+00   0.00000000e+00   0.00000000e+00
   0.00000000e+00   0.00000000e+00   0.00000000e+00   0.00000000e+00
   0.00000000e+00   0.00000000e+00   0.00000000e+00   0.00000000e+00
   0.00000000e+00   0.00000000e+00   0.00000000e+00]
22.3362464122 , 0.357142857143 , 1.0 , 1.68697751824 , 53.1846935086
w [  9.46424064e+00  -9.69508368e+00   9.71242676e+00  -9.24958828e+00
   9.45148185e+00   0.00000000e+00   0.00000000e+00   0.00000000e+00
   0.00000000e+00   0.00000000e+00   0.00000000e+00   0.00000000e+00
   0.00000000e+00   0.00000000e+00   0.00000000e+00   0.00000000e+00
  -9.23532802e-02   0.00000000e+00  -2.60148812e-02   0.00000000e+00
   0.00000000e+00   0.00000000e+00   0.00000000e+00  -6.34267307e-02
   0.00000000e+00   0.00000000e+00   0.00000000e+00   0.00000000e+00
   0.00000000e+00   0.00000000e+00   0.00000000e+00   0.00000000e+00
   0.00000000e+00   3.62513612e-01   0.00000000e+00   0.00000000e+00
   0.00000000e+00   0.00000000e+00   0.00000000e+00  -3.64342265e-02
  -1.02079949e-01   0.00000000e+00   0.00000000e+00   1.86087149e-01
   0.00000000e+00   0.00000000e+00   0.00000000e+00   0.00000000e+00
   0.00000000e+00   0.00000000e+00   0.00000000e+00  -2.94563325e-03
   0.00000000e+00   0.00000000e+00   0.00000000e+00   0.00000000e+00
  -1.31936743e-01   1.64813406e-01   4.65081896e-02   0.00000000e+00
   0.00000000e+00   0.00000000e+00   0.00000000e+00   0.00000000e+00
   0.00000000e+00   0.00000000e+00   0.00000000e+00   0.00000000e+00
   0.00000000e+00   0.00000000e+00   0.00000000e+00   0.00000000e+00
   0.00000000e+00  -2.18027206e-02   0.00000000e+00]
17.8689971298 , 0.294117647059 , 1.0 , 1.56493931636 , 41.998672251
w [  9.49799014e+00  -9.71196078e+00   9.73875862e+00  -9.28247022e+00
   9.46310088e+00   0.00000000e+00   0.00000000e+00   0.00000000e+00
   0.00000000e+00   0.00000000e+00   0.00000000e+00   0.00000000e+00
   0.00000000e+00   0.00000000e+00   0.00000000e+00   0.00000000e+00
  -1.52231875e-01   0.00000000e+00  -8.46863192e-02   0.00000000e+00
   0.00000000e+00   0.00000000e+00   0.00000000e+00  -1.00034190e-01
   0.00000000e+00   0.00000000e+00   0.00000000e+00   0.00000000e+00
   0.00000000e+00   0.00000000e+00   0.00000000e+00   0.00000000e+00
  -9.66235957e-03   3.98163204e-01   0.00000000e+00   0.00000000e+00
   0.00000000e+00   0.00000000e+00   0.00000000e+00  -5.97849884e-02
  -1.18433975e-01   0.00000000e+00   0.00000000e+00   2.14029938e-01
   0.00000000e+00   0.00000000e+00   0.00000000e+00   0.00000000e+00
   0.00000000e+00   0.00000000e+00   0.00000000e+00   0.00000000e+00
   0.00000000e+00   0.00000000e+00   0.00000000e+00   0.00000000e+00
  -1.65167923e-01   1.88736592e-01   8.07027398e-02   0.00000000e+00
   0.00000000e+00   0.00000000e+00   0.00000000e+00   0.00000000e+00
   0.00000000e+00   0.00000000e+00   0.00000000e+00   0.00000000e+00
   0.00000000e+00   0.00000000e+00   0.00000000e+00   0.00000000e+00
   0.00000000e+00  -5.88090335e-02  -4.64185360e-02]
14.2951977038 , 0.277777777778 , 1.0 , 1.54375538537 , 32.9888422676
w [  9.52300075e+00  -9.74208558e+00   9.77206031e+00  -9.31268862e+00
   9.47367194e+00   0.00000000e+00   0.00000000e+00   0.00000000e+00
  -1.21922164e-02   0.00000000e+00   0.00000000e+00   0.00000000e+00
   0.00000000e+00   0.00000000e+00   0.00000000e+00  -2.64598441e-02
  -1.86483047e-01   0.00000000e+00  -1.26933232e-01   0.00000000e+00
   0.00000000e+00   0.00000000e+00   0.00000000e+00  -1.22949608e-01
   0.00000000e+00   0.00000000e+00   0.00000000e+00   0.00000000e+00
   0.00000000e+00   0.00000000e+00   0.00000000e+00   0.00000000e+00
  -3.81655589e-02   4.18445486e-01   0.00000000e+00   0.00000000e+00
   0.00000000e+00   0.00000000e+00   0.00000000e+00  -8.59389946e-02
  -1.27167124e-01   0.00000000e+00   0.00000000e+00   2.29994668e-01
   0.00000000e+00   0.00000000e+00   0.00000000e+00   0.00000000e+00
   0.00000000e+00   0.00000000e+00  -1.79489613e-03   0.00000000e+00
   0.00000000e+00   0.00000000e+00   0.00000000e+00   0.00000000e+00
  -1.93280136e-01   2.00270302e-01   1.05666766e-01   0.00000000e+00
   0.00000000e+00   0.00000000e+00   0.00000000e+00   0.00000000e+00
   0.00000000e+00   0.00000000e+00   0.00000000e+00   0.00000000e+00
   0.00000000e+00   0.00000000e+00   0.00000000e+00   0.00000000e+00
   0.00000000e+00  -8.26777195e-02  -8.55888838e-02]
11.436158163 , 0.238095238095 , 1.0 , 1.51807907087 , 26.6153232359
w [  9.54228270e+00  -9.75762912e+00   9.79601368e+00  -9.34010788e+00
   9.46861688e+00   0.00000000e+00   0.00000000e+00   0.00000000e+00
  -2.83403812e-02   0.00000000e+00   0.00000000e+00   0.00000000e+00
   0.00000000e+00   0.00000000e+00   0.00000000e+00  -4.61677179e-02
  -2.16170720e-01   0.00000000e+00  -1.66860731e-01   0.00000000e+00
   0.00000000e+00  -1.52426720e-02   0.00000000e+00  -1.36705515e-01
   5.10937875e-02   0.00000000e+00   0.00000000e+00   0.00000000e+00
   0.00000000e+00   0.00000000e+00  -4.09034948e-05   0.00000000e+00
  -6.78582128e-02   4.35282676e-01   0.00000000e+00   1.16499930e-02
   0.00000000e+00   0.00000000e+00   0.00000000e+00  -1.08408116e-01
  -1.54147688e-01   0.00000000e+00   0.00000000e+00   2.53928032e-01
   0.00000000e+00  -9.04347352e-04   0.00000000e+00   0.00000000e+00
   0.00000000e+00   0.00000000e+00  -1.65915356e-02   0.00000000e+00
   0.00000000e+00   0.00000000e+00   0.00000000e+00   0.00000000e+00
  -2.15327981e-01   2.18266763e-01   1.29566119e-01   0.00000000e+00
   0.00000000e+00   0.00000000e+00   0.00000000e+00   0.00000000e+00
   0.00000000e+00   0.00000000e+00   0.00000000e+00   0.00000000e+00
   0.00000000e+00   0.00000000e+00   0.00000000e+00   0.00000000e+00
   0.00000000e+00  -1.11627147e-01  -1.19087436e-01]
9.14892653044 , 0.192307692308 , 1.0 , 1.55864022502 , 21.1101406964
w [  9.56113044e+00  -9.76582550e+00   9.79929108e+00  -9.37072327e+00
   9.45242610e+00   0.00000000e+00   0.00000000e+00  -2.14053225e-02
  -4.95173329e-02   0.00000000e+00   0.00000000e+00   0.00000000e+00
   0.00000000e+00   0.00000000e+00   0.00000000e+00  -5.00426098e-02
  -2.60850858e-01   0.00000000e+00  -2.15720459e-01   0.00000000e+00
   0.00000000e+00  -4.94034645e-02   0.00000000e+00  -1.40870207e-01
   1.30537712e-01   0.00000000e+00   0.00000000e+00   0.00000000e+00
   0.00000000e+00   0.00000000e+00  -8.98773663e-03   0.00000000e+00
  -1.00056097e-01   4.44105016e-01   0.00000000e+00   1.80977908e-02
   0.00000000e+00   0.00000000e+00   0.00000000e+00  -1.18803035e-01
  -1.80685347e-01   5.61244888e-02   0.00000000e+00   2.85223854e-01
   0.00000000e+00  -2.01648223e-02   0.00000000e+00   0.00000000e+00
   0.00000000e+00   0.00000000e+00  -2.06775960e-02   0.00000000e+00
   0.00000000e+00   1.26619663e-02   0.00000000e+00   6.25683161e-03
  -2.17693706e-01   2.41242351e-01   1.39808817e-01   0.00000000e+00
   0.00000000e+00   0.00000000e+00   0.00000000e+00   0.00000000e+00
   0.00000000e+00   0.00000000e+00   0.00000000e+00   0.00000000e+00
   0.00000000e+00   0.00000000e+00   0.00000000e+00   0.00000000e+00
   0.00000000e+00  -1.49180809e-01  -1.55426224e-01]
7.31914122435 , 0.166666666667 , 1.0 , 1.65436630714 , 15.90115562
w [  9.58664028e+00  -9.78462327e+00   9.80400315e+00  -9.40921996e+00
   9.44603275e+00   0.00000000e+00   0.00000000e+00  -6.09138354e-02
  -6.25053904e-02  -1.65939392e-03   0.00000000e+00   0.00000000e+00
   0.00000000e+00   4.25001571e-02   0.00000000e+00  -5.40692865e-02
  -2.90810890e-01   0.00000000e+00  -2.56202637e-01   0.00000000e+00
   0.00000000e+00  -8.51018872e-02   0.00000000e+00  -1.53409025e-01
   2.07401185e-01   0.00000000e+00   0.00000000e+00   0.00000000e+00
   0.00000000e+00   0.00000000e+00  -2.01290329e-02   0.00000000e+00
  -1.10977340e-01   4.45169655e-01   0.00000000e+00   1.49264738e-02
   0.00000000e+00   0.00000000e+00   0.00000000e+00  -1.26350688e-01
  -2.13065022e-01   8.57344799e-02   0.00000000e+00   3.08980886e-01
   0.00000000e+00  -3.02417844e-02   0.00000000e+00   0.00000000e+00
   0.00000000e+00   0.00000000e+00  -2.17231606e-02   0.00000000e+00
   0.00000000e+00   3.43590719e-02   0.00000000e+00   2.36718095e-02
  -2.16578581e-01   2.52028601e-01   1.42343863e-01   0.00000000e+00
   0.00000000e+00   0.00000000e+00   0.00000000e+00   0.00000000e+00
   0.00000000e+00   0.00000000e+00   0.00000000e+00   0.00000000e+00
   0.00000000e+00   0.00000000e+00   0.00000000e+00   0.00000000e+00
   0.00000000e+00  -1.75130410e-01  -1.74749386e-01]
5.85531297948 , 0.15625 , 1.0 , 1.71824412899 , 11.9618280317
w [  9.61441244e+00  -9.80822006e+00   9.80244070e+00  -9.44355815e+00
   9.44702651e+00   0.00000000e+00   0.00000000e+00  -9.00162268e-02
  -6.66323138e-02  -2.43733993e-02   0.00000000e+00   0.00000000e+00
   0.00000000e+00   9.00211262e-02   0.00000000e+00  -6.01444371e-02
  -3.04091259e-01   0.00000000e+00  -2.90830938e-01   0.00000000e+00
   0.00000000e+00  -1.16292856e-01   0.00000000e+00  -1.57769033e-01
   2.65227464e-01   0.00000000e+00   0.00000000e+00   0.00000000e+00
   0.00000000e+00   0.00000000e+00  -2.95216915e-02  -2.85601024e-02
  -1.15211973e-01   4.30222262e-01   0.00000000e+00   2.31000689e-02
   0.00000000e+00   0.00000000e+00   0.00000000e+00  -1.24648917e-01
  -2.48548259e-01   1.13779436e-01   7.01704205e-03   3.20983250e-01
   0.00000000e+00  -5.02318474e-02   0.00000000e+00   0.00000000e+00
   0.00000000e+00   0.00000000e+00  -2.22018981e-02   0.00000000e+00
   0.00000000e+00   5.31741628e-02   0.00000000e+00   4.18966617e-02
  -2.04781831e-01   2.65993242e-01   1.48799165e-01   0.00000000e+00
   0.00000000e+00   0.00000000e+00   0.00000000e+00   0.00000000e+00
   0.00000000e+00   0.00000000e+00   0.00000000e+00   0.00000000e+00
   0.00000000e+00   0.00000000e+00   0.00000000e+00   0.00000000e+00
   0.00000000e+00  -1.96809050e-01  -1.80238188e-01]
4.68425038358 , 0.147058823529 , 1.0 , 1.75813948094 , 9.09733852905
w [  9.67104788e+00  -9.82809844e+00   9.80664656e+00  -9.49277323e+00
   9.47148662e+00   0.00000000e+00   0.00000000e+00  -1.21291559e-01
  -6.58000402e-02  -3.93506021e-02   0.00000000e+00   0.00000000e+00
   0.00000000e+00   1.66388551e-01   0.00000000e+00  -7.48815442e-02
  -2.94141238e-01   0.00000000e+00  -3.17160180e-01   0.00000000e+00
   0.00000000e+00  -1.44502193e-01   0.00000000e+00  -1.63347701e-01
   3.16752880e-01  -9.24016478e-03   0.00000000e+00   0.00000000e+00
   0.00000000e+00   0.00000000e+00  -4.27303000e-02  -6.43599782e-02
  -1.22127073e-01   3.97594741e-01   0.00000000e+00   3.50852935e-02
   0.00000000e+00   0.00000000e+00  -1.55444467e-03  -1.40874380e-01
  -2.88064189e-01   1.06918926e-01   4.62296564e-03   3.18478620e-01
   0.00000000e+00  -8.68001814e-02   0.00000000e+00   0.00000000e+00
   0.00000000e+00   0.00000000e+00  -9.29441017e-03   0.00000000e+00
   0.00000000e+00   1.11348734e-01   0.00000000e+00   5.59370461e-02
  -1.86353765e-01   2.40710138e-01   1.40966350e-01   0.00000000e+00
   0.00000000e+00   0.00000000e+00   0.00000000e+00   0.00000000e+00
   0.00000000e+00   4.26369402e-02   0.00000000e+00   0.00000000e+00
   0.00000000e+00   0.00000000e+00   0.00000000e+00   0.00000000e+00
   4.05486876e-02  -2.00272459e-01  -1.71720044e-01]
3.74740030687 , 0.131578947368 , 1.0 , 1.70537750799 , 6.55729207694
w [  9.73791875e+00  -9.83998705e+00   9.82171015e+00  -9.53344974e+00
   9.50926172e+00   0.00000000e+00   0.00000000e+00  -1.60937060e-01
  -6.68243711e-02  -4.44571992e-02   0.00000000e+00   0.00000000e+00
   0.00000000e+00   2.47003509e-01   0.00000000e+00  -9.56584675e-02
  -2.70818886e-01   0.00000000e+00  -3.28728316e-01   0.00000000e+00
   0.00000000e+00  -1.66101343e-01   0.00000000e+00  -1.76753990e-01
   3.64718850e-01  -2.40060870e-02   0.00000000e+00   0.00000000e+00
   0.00000000e+00   0.00000000e+00  -5.08593559e-02  -7.89428478e-02
  -1.22219334e-01   3.72264683e-01   0.00000000e+00   4.48538244e-02
   0.00000000e+00   0.00000000e+00  -3.19634467e-03  -1.75653382e-01
  -3.28071600e-01   6.42186622e-02   0.00000000e+00   3.13418153e-01
   0.00000000e+00  -1.17172838e-01   0.00000000e+00   0.00000000e+00
   0.00000000e+00   0.00000000e+00   0.00000000e+00   0.00000000e+00
   0.00000000e+00   1.99200369e-01  -1.19264330e-02   5.93643461e-02
  -1.71850707e-01   1.90287606e-01   1.32507646e-01   0.00000000e+00
   0.00000000e+00   0.00000000e+00   0.00000000e+00   0.00000000e+00
   0.00000000e+00   9.39758368e-02   0.00000000e+00   0.00000000e+00
   0.00000000e+00   0.00000000e+00   0.00000000e+00   0.00000000e+00
   1.04199855e-01  -1.92551899e-01  -1.57338478e-01]
2.99792024549 , 0.135135135135 , 1.0 , 1.68800507773 , 4.58482834151
w [  9.79480727e+00  -9.85876523e+00   9.84016614e+00  -9.54308022e+00
   9.54188011e+00   5.31115400e-03   0.00000000e+00  -2.06638246e-01
  -6.59871463e-02  -4.81352183e-02   0.00000000e+00   0.00000000e+00
   0.00000000e+00   3.05107955e-01   0.00000000e+00  -1.23981253e-01
  -2.53563878e-01   0.00000000e+00  -3.38882494e-01   0.00000000e+00
   0.00000000e+00  -1.79639352e-01   0.00000000e+00  -1.83136954e-01
   3.99489196e-01  -3.49334568e-02   0.00000000e+00   0.00000000e+00
   0.00000000e+00  -1.85251993e-02  -5.95909497e-02  -8.41885457e-02
  -1.18141228e-01   3.50085985e-01  -2.65620288e-03   5.55254244e-02
   0.00000000e+00   0.00000000e+00  -1.21019579e-02  -2.08798228e-01
  -3.68854217e-01   1.80031922e-02   0.00000000e+00   3.07822567e-01
   0.00000000e+00  -1.39405538e-01   0.00000000e+00   0.00000000e+00
   0.00000000e+00   0.00000000e+00   0.00000000e+00   0.00000000e+00
   0.00000000e+00   2.79704475e-01  -4.15315182e-02   5.52592606e-02
  -1.59402556e-01   1.46944687e-01   1.22225208e-01   0.00000000e+00
   1.20986186e-03   0.00000000e+00   0.00000000e+00   0.00000000e+00
   2.10588223e-02   1.24542901e-01   0.00000000e+00   0.00000000e+00
   0.00000000e+00   0.00000000e+00   0.00000000e+00   0.00000000e+00
   1.63460929e-01  -1.90266878e-01  -1.39089856e-01]
2.39833619639 , 0.119047619048 , 1.0 , 1.75794195867 , 3.12175380247
w [  9.82258233e+00  -9.89679991e+00   9.84882468e+00  -9.53788323e+00
   9.56639394e+00   2.69491928e-02   0.00000000e+00  -2.36815535e-01
  -7.50720377e-02  -5.35662459e-02   0.00000000e+00   0.00000000e+00
   0.00000000e+00   3.50174587e-01   0.00000000e+00  -1.44678876e-01
  -2.49383100e-01   0.00000000e+00  -3.47871055e-01   0.00000000e+00
   0.00000000e+00  -1.77799221e-01   0.00000000e+00  -1.84016426e-01
   4.24421726e-01  -3.76253533e-02   0.00000000e+00   0.00000000e+00
   0.00000000e+00  -2.41626002e-02  -5.93960852e-02  -8.68121691e-02
  -1.18383936e-01   3.42896809e-01  -1.56205564e-02   5.38418495e-02
   0.00000000e+00   0.00000000e+00  -2.68616055e-02  -2.22029691e-01
  -3.97022160e-01   0.00000000e+00   7.40366250e-04   3.13467278e-01
   1.41038768e-02  -1.54892908e-01   0.00000000e+00   0.00000000e+00
   0.00000000e+00   0.00000000e+00   0.00000000e+00   0.00000000e+00
   0.00000000e+00   3.07909099e-01  -6.35912181e-02   6.49369974e-02
  -1.53972167e-01   1.20901790e-01   1.15007548e-01   0.00000000e+00
   1.24179453e-02   0.00000000e+00   0.00000000e+00   0.00000000e+00
   5.05648436e-02   1.37916445e-01   0.00000000e+00   0.00000000e+00
   0.00000000e+00   0.00000000e+00  -1.72000668e-02   0.00000000e+00
   2.03407178e-01  -1.83072947e-01  -1.29757162e-01]
1.91866895712 , 0.113636363636 , 1.0 , 1.85050221806 , 2.12550619598
w [  9.84199075e+00  -9.93143449e+00   9.86109052e+00  -9.53512290e+00
   9.58750066e+00   4.77867124e-02   0.00000000e+00  -2.54473061e-01
  -8.22887400e-02  -5.26171197e-02   0.00000000e+00   0.00000000e+00
   0.00000000e+00   3.89862304e-01   0.00000000e+00  -1.61672620e-01
  -2.48330878e-01   3.92947234e-03  -3.56093122e-01   0.00000000e+00
   0.00000000e+00  -1.68209046e-01   0.00000000e+00  -1.82376741e-01
   4.43108679e-01  -3.17704546e-02   0.00000000e+00   0.00000000e+00
   0.00000000e+00  -3.08833208e-02  -5.59785940e-02  -9.18981820e-02
  -1.19468721e-01   3.39544942e-01  -2.50818990e-02   4.72158855e-02
   0.00000000e+00   0.00000000e+00  -4.69224322e-02  -2.32237004e-01
  -4.23702981e-01   0.00000000e+00   8.54611124e-03   3.22141380e-01
   4.08598860e-02  -1.67302075e-01   0.00000000e+00   9.29876094e-03
   0.00000000e+00   0.00000000e+00   0.00000000e+00   0.00000000e+00
   0.00000000e+00   3.16625600e-01  -8.54468216e-02   7.74656581e-02
  -1.51758257e-01   9.01711834e-02   1.07032060e-01   0.00000000e+00
   2.83794549e-02   0.00000000e+00   0.00000000e+00   0.00000000e+00
   7.08508466e-02   1.47692337e-01   0.00000000e+00   0.00000000e+00
   0.00000000e+00   0.00000000e+00  -3.06405921e-02   0.00000000e+00
   2.29155779e-01  -1.72710856e-01  -1.22581287e-01]
1.53493516569 , 0.108695652174 , 1.0 , 1.93366188807 , 1.43089252715
w [  9.85450979e+00  -9.96100048e+00   9.86831332e+00  -9.53346311e+00
   9.60876438e+00   6.18286507e-02   2.59274233e-03  -2.70431332e-01
  -8.97799267e-02  -5.38046097e-02   0.00000000e+00   0.00000000e+00
   0.00000000e+00   4.23359174e-01   0.00000000e+00  -1.74976976e-01
  -2.52258774e-01   1.62084158e-02  -3.62304205e-01   0.00000000e+00
   0.00000000e+00  -1.65088193e-01   0.00000000e+00  -1.77274700e-01
   4.57854811e-01  -2.24707538e-02   0.00000000e+00   0.00000000e+00
   0.00000000e+00  -3.04365552e-02  -4.79173164e-02  -9.29757155e-02
  -1.21577741e-01   3.40009233e-01  -3.32724137e-02   3.84118806e-02
   0.00000000e+00   0.00000000e+00  -6.49205154e-02  -2.38021451e-01
  -4.48139919e-01   0.00000000e+00   1.37893210e-02   3.32335722e-01
   6.28307622e-02  -1.75179433e-01  -7.09778739e-03   1.84061840e-02
   0.00000000e+00   0.00000000e+00   0.00000000e+00   0.00000000e+00
   0.00000000e+00   3.19900567e-01  -1.05205978e-01   8.34857093e-02
  -1.50160330e-01   6.45451500e-02   1.02270405e-01   0.00000000e+00
   4.06042349e-02   0.00000000e+00   0.00000000e+00   0.00000000e+00
   8.71192050e-02   1.57479628e-01   0.00000000e+00   0.00000000e+00
   0.00000000e+00   0.00000000e+00  -4.50178642e-02   0.00000000e+00
   2.47496625e-01  -1.60583979e-01  -1.17557701e-01]
1.22794813255 , 0.104166666667 , 1.0 , 2.01916909882 , 0.967076496878
